This is LuaHBTeX, Version 1.18.0 (TeX Live 2024)  (format=lualatex 2024.12.4)  15 DEC 2024 05:39
 restricted system commands enabled.
 file:line:error style messages enabled.
**c:/Users/m0e/Documents/GitHub/tex/thesis_mpd.tex
(c:/Users/m0e/Documents/GitHub/tex/thesis_mpd.tex
LaTeX2e <2024-11-01> patch level 1
L3 programming layer <2024-11-02>
Lua module: luaotfload 2024-02-14 v3.28 Lua based OpenType font support
Lua module: lualibs 2023-07-13 v2.76 ConTeXt Lua standard libraries.
Lua module: lualibs-extended 2023-07-13 v2.76 ConTeXt Lua libraries -- extended collection.
luaotfload | conf : Root cache directory is "C:/texlive/2024/texmf-var/luatex-cache/generic/names".
luaotfload | init : Loading fontloader "fontloader-2023-12-28.lua" from kpse-resolved path "c:/texlive/2024/texmf-dist/tex/luatex/luaotfload/fontloader-2023-12-28.lua".
Lua-only attribute luaotfload@noligature = 1
luaotfload | init : Context OpenType loader version 3.134
Inserting `luaotfload.node_processor' in `pre_linebreak_filter'.
Inserting `luaotfload.node_processor' in `hpack_filter'.
Inserting `luaotfload.glyph_stream' in `glyph_stream_provider'.
Inserting `luaotfload.define_font' in `define_font'.
Lua-only attribute luaotfload_color_attribute = 2
luaotfload | conf : Root cache directory is "C:/texlive/2024/texmf-var/luatex-cache/generic/names".
Inserting `luaotfload.harf.strip_prefix' in `find_opentype_file'.
Inserting `luaotfload.harf.strip_prefix' in `find_truetype_file'.
Removing  `luaotfload.glyph_stream' from `glyph_stream_provider'.
Inserting `luaotfload.harf.glyphstream' in `glyph_stream_provider'.
Inserting `luaotfload.harf.finalize_vlist' in `post_linebreak_filter'.
Inserting `luaotfload.harf.finalize_hlist' in `hpack_filter'.
Inserting `luaotfload.cleanup_files' in `wrapup_run'.
Inserting `luaotfload.harf.finalize_unicode' in `finish_pdffile'.
Inserting `luaotfload.glyphinfo' in `glyph_info'.
Lua-only attribute luaotfload.letterspace_done = 3
Inserting `luaotfload.aux.set_sscale_dimens' in `luaotfload.patch_font'.
Inserting `luaotfload.aux.set_font_index' in `luaotfload.patch_font'.
Inserting `luaotfload.aux.patch_cambria_domh' in `luaotfload.patch_font'.
Inserting `luaotfload.aux.fixup_fontdata' in `luaotfload.patch_font_unsafe'.
Inserting `luaotfload.aux.set_capheight' in `luaotfload.patch_font'.
Inserting `luaotfload.aux.set_xheight' in `luaotfload.patch_font'.
Inserting `luaotfload.rewrite_fontname' in `luaotfload.patch_font'.
Inserting `tracingstacklevels' in `input_level_string'. (c:/texlive/2024/texmf-dist/tex/luatex/luatexja/ltjsreport.cls
Document Class: ltjsreport 2023/07/26 ltjsclasses 
(c:/texlive/2024/texmf-dist/tex/luatex/luatexja/luatexja.sty
Package: luatexja 2024-10-14 Japanese Typesetting with Lua(La)TeX
 (c:/texlive/2024/texmf-dist/tex/luatex/luatexja/luatexja-core.sty
Package: luatexja-core 2023-10-07 Core of LuaTeX-ja
 (c:/texlive/2024/texmf-dist/tex/generic/infwarerr/infwarerr.sty
Package: infwarerr 2019/12/03 v1.5 Providing info/warning/error messages (HO)
) (c:/texlive/2024/texmf-dist/tex/luatex/luatexbase/luatexbase.sty
Package: luatexbase 2015/10/04 v1.3 luatexbase interface to LuaTeX 
 (c:/texlive/2024/texmf-dist/tex/luatex/ctablestack/ctablestack.sty
Package: ctablestack 2015/10/01 v1.0 Catcode table stable support
\@catcodetablestackcnt=\count194
)
\CatcodeTableOther=\catcodetable14
\CatcodeTableExpl=\catcodetable15
) (c:/texlive/2024/texmf-dist/tex/generic/ltxcmds/ltxcmds.sty
Package: ltxcmds 2023-12-04 v1.26 LaTeX kernel commands for general use (HO)
) (c:/texlive/2024/texmf-dist/tex/generic/pdftexcmds/pdftexcmds.sty
Package: pdftexcmds 2020-06-27 v0.33 Utility functions of pdfTeX for LuaTeX (HO)
 (c:/texlive/2024/texmf-dist/tex/generic/iftex/iftex.sty
Package: iftex 2022/02/03 v1.0f TeX engine tests
)
Package pdftexcmds Info: \pdf@primitive is available.
Package pdftexcmds Info: \pdf@ifprimitive is available.
Package pdftexcmds Info: \pdfdraftmode found.
\pdftexcmds@toks=\toks17
) (c:/texlive/2024/texmf-dist/tex/latex/xkeyval/xkeyval.sty
Package: xkeyval 2022/06/16 v2.9 package option processing (HA)
 (c:/texlive/2024/texmf-dist/tex/generic/xkeyval/xkeyval.tex (c:/texlive/2024/texmf-dist/tex/generic/xkeyval/xkvutils.tex
\XKV@toks=\toks18
\XKV@tempa@toks=\toks19
 (c:/texlive/2024/texmf-dist/tex/generic/xkeyval/keyval.tex))
\XKV@depth=\count195
File: xkeyval.tex 2014/12/03 v2.7a key=value parser (HA)
)) (c:/texlive/2024/texmf-dist/tex/latex/etoolbox/etoolbox.sty
Package: etoolbox 2020/10/05 v2.5k e-TeX tools for LaTeX (JAW)
\etb@tempcnta=\count196
) (c:/texlive/2024/texmf-dist/tex/latex/everyhook/everyhook.sty (c:/texlive/2024/texmf-dist/tex/latex/svn-prov/svn-prov.sty
Package: svn-prov 2010/04/24 v3.1862 Package Date/Version from SVN Keywords
)
Package: everyhook 2014/11/26 v1.2 (SVN Rev: 12)\ Hooks for low level TeX everyX primitives.
\everypar=\toks20
\frozen@everymath=\toks21
\frozen@everydisplay=\toks22
\everyhbox=\toks23
\everyvbox=\toks24
\everycr=\toks25
)
\ltjlineendcomment=\count197
\ltj@dimen@zw=\dimen140
\ltj@dimen@zh=\dimen141
\ltj@dimen@jQ=\dimen142
\ltj@icflag=\attribute4
\ltj@curjfnt=\attribute5
\ltj@curtfnt=\attribute6
\ltj@charclass=\attribute7
\ltj@charcode=\attribute8
\ltj@autospc=\attribute9
\ltj@autoxspc=\attribute10
\ltj@yablshift=\attribute11
\ltj@ykblshift=\attribute12
\ltj@tablshift=\attribute13
\ltj@tkblshift=\attribute14
\jfam=\attribute15
\ltj@vert@ori=\attribute16
\ltj@dir=\attribute17
\ltj@@japanese=\language2
\ltj@tempcnta=\count198
\ltj@tempdima=\dimen143
\ltj@@stack=\count199
\ltj@@group@level=\count266
\ltj@kcat0=\attribute18
\ltj@kcat1=\attribute19
\ltj@kcat2=\attribute20
\ltj@kcat3=\attribute21
\ltj@kcat4=\attribute22
\ltj@kcat5=\attribute23
\ltj@kcat6=\attribute24
Custom whatsit inhibitglue = 1
Custom whatsit stack_marker = 2
Custom whatsit begin_par = 3
Custom whatsit direction = 4
Custom whatsit box_boundary = 5
Custom whatsit ja_al_boundary = 6(load cache: ltj-cid-auto-adobe-japan1.luc)
Lua module: luatexja.charrange 2022-08-19 Handling the range of Japanese characters
Lua module: luatexja.stack 2022-08-20 LuaTeX-ja stack system
Inserting `ltj.create_dir_whatsit' in `hpack_filter'.
Inserting `ltj.create_dir_whatsit' in `post_linebreak_filter'.
Inserting `ltj.direction' in `vpack_filter'.
Inserting `ltj.direction' in `pre_output_filter'.
Inserting `ltj.lineskip' in `post_linebreak_filter'.
Inserting `ltj.lineskip' in `append_to_vlist_filter'.
Lua module: luatexja.jfont 2024-07-25 Loader for Japanese fonts
Removing  `luaotfload.define_font' from `define_font'.
Inserting `luatexja.font_callback' in `define_font'.
Removing  `luaotfload.aux.set_sscale_dimens' from `luaotfload.patch_font'.
Removing  `luaotfload.aux.set_font_index' from `luaotfload.patch_font'.
Removing  `luaotfload.aux.patch_cambria_domh' from `luaotfload.patch_font'.
Removing  `luaotfload.aux.set_capheight' from `luaotfload.patch_font'.
Removing  `luaotfload.aux.set_xheight' from `luaotfload.patch_font'.
Removing  `luaotfload.rewrite_fontname' from `luaotfload.patch_font'.
Inserting `ltj.prepare_extra_data' in `luaotfload.patch_font'.
Inserting `luaotfload.aux.set_sscale_dimens' in `luaotfload.patch_font'.
Inserting `luaotfload.aux.set_font_index' in `luaotfload.patch_font'.
Inserting `luaotfload.aux.patch_cambria_domh' in `luaotfload.patch_font'.
Inserting `luaotfload.aux.set_capheight' in `luaotfload.patch_font'.
Inserting `luaotfload.aux.set_xheight' in `luaotfload.patch_font'.
Inserting `luaotfload.rewrite_fontname' in `luaotfload.patch_font'.
Inserting `ltj.prepare_extra_data' in `luatexja.define_font'.
Inserting `ltj.get_vert_form' in `luatexja.define_jfont'.
Removing  `ltj.prepare_extra_data' from `luaotfload.patch_font'.
Removing  `luaotfload.aux.set_sscale_dimens' from `luaotfload.patch_font'.
Removing  `luaotfload.aux.set_font_index' from `luaotfload.patch_font'.
Removing  `luaotfload.aux.patch_cambria_domh' from `luaotfload.patch_font'.
Removing  `luaotfload.aux.set_capheight' from `luaotfload.patch_font'.
Removing  `luaotfload.aux.set_xheight' from `luaotfload.patch_font'.
Removing  `luaotfload.rewrite_fontname' from `luaotfload.patch_font'.
Inserting `ltj.supply_tounicode' in `luaotfload.patch_font'.
Inserting `ltj.prepare_extra_data' in `luaotfload.patch_font'.
Inserting `luaotfload.aux.set_sscale_dimens' in `luaotfload.patch_font'.
Inserting `luaotfload.aux.set_font_index' in `luaotfload.patch_font'.
Inserting `luaotfload.aux.patch_cambria_domh' in `luaotfload.patch_font'.
Inserting `luaotfload.aux.set_capheight' in `luaotfload.patch_font'.
Inserting `luaotfload.aux.set_xheight' in `luaotfload.patch_font'.
Inserting `luaotfload.rewrite_fontname' in `luaotfload.patch_font'.
Inserting `ltj.process_input_buffer' in `process_input_buffer'.
Inserting `ltj.hyphenate' in `hyphenate'.
Removing  `luaotfload.node_processor' from `hpack_filter'.
Removing  `luaotfload.harf.finalize_hlist' from `hpack_filter'.
Removing  `ltj.create_dir_whatsit' from `hpack_filter'.
Inserting `ltj.set_stack_level' in `hpack_filter'.
Inserting `luaotfload.node_processor' in `hpack_filter'.
Inserting `luaotfload.harf.finalize_hlist' in `hpack_filter'.
Inserting `ltj.create_dir_whatsit' in `hpack_filter'.
Removing  `luaotfload.node_processor' from `pre_linebreak_filter'.
Inserting `ltj.set_stack_level' in `pre_linebreak_filter'.
Inserting `luaotfload.node_processor' in `pre_linebreak_filter'.
Lua module: luatexja.jfmglue 2024-10-12 Insertion process of JFM glues, [x]kanjiskip and others
Inserting `luatexja.beginpar.np_info' in `luatexja.jfmglue.whatsit_getinfo'.
Inserting `luatexja.beginpar.np_info_after' in `luatexja.jfmglue.whatsit_after'.
Inserting `ltj.mlist_to_hlist_pre' in `pre_mlist_to_hlist_filter'.
Inserting `ltj.main' in `pre_linebreak_filter'.
Removing  `luaotfload.harf.finalize_hlist' from `hpack_filter'.
Removing  `ltj.create_dir_whatsit' from `hpack_filter'.
Inserting `ltj.main' in `hpack_filter'.
Inserting `luaotfload.harf.finalize_hlist' in `hpack_filter'.
Inserting `ltj.create_dir_whatsit' in `hpack_filter'.
Removing  `ltj.set_stack_level' from `pre_linebreak_filter'.
Removing  `luaotfload.node_processor' from `pre_linebreak_filter'.
Removing  `ltj.main' from `pre_linebreak_filter'.
Inserting `ltj.adjust_icflag' in `pre_linebreak_filter'.
Inserting `ltj.set_stack_level' in `pre_linebreak_filter'.
Inserting `luaotfload.node_processor' in `pre_linebreak_filter'.
Inserting `ltj.main' in `pre_linebreak_filter'.
Removing  `ltj.set_stack_level' from `hpack_filter'.
Removing  `luaotfload.node_processor' from `hpack_filter'.
Removing  `ltj.main' from `hpack_filter'.
Removing  `luaotfload.harf.finalize_hlist' from `hpack_filter'.
Removing  `ltj.create_dir_whatsit' from `hpack_filter'.
Inserting `ltj.adjust_icflag' in `hpack_filter'.
Inserting `ltj.set_stack_level' in `hpack_filter'.
Inserting `luaotfload.node_processor' in `hpack_filter'.
Inserting `ltj.main' in `hpack_filter'.
Inserting `luaotfload.harf.finalize_hlist' in `hpack_filter'.
Inserting `ltj.create_dir_whatsit' in `hpack_filter'. (c:/texlive/2024/texmf-dist/tex/luatex/luatexja/ltj-base.sty
Package: ltj-base 2021-03-16
\ltj@tempcntb=\count267
\ltj@tempcntc=\count268
\ltj@afbox=\box52
)
\ltj@@italic@inner=\luafunction29
\ltj@@start@time@measure@inner=\luafunction30
\ltj@@stop@time@measure@inner=\luafunction31
\ltj@@jfont@inner=\luafunction32
\ltj@zw@inner=\luafunction33
\ltj@zh@inner=\luafunction34
\ltj@reset@globaldefs@inner=\luafunction35
\ltj@restore@globaldefs@inner=\luafunction36
\ltj@@disihb@inner=\luafunction37
\ltj@@ihb@inner=\luafunction38
\ltj@@fakeparbegin@inner=\luafunction39
\ltj@@fakeboxbdd@inner=\luafunction40
\ltj@@ins@xk@inner=\luafunction41
\ltj@@ins@k@inner=\luafunction42
\ltjsetkanjiskip@inner=\luafunction43
\ltjsetxkanjiskip@inner=\luafunction44
\ltj@@getparam@one@inner=\luafunction45
\ltj@alljachar@inner=\luafunction46
\ltj@@lua@populate@insertwhatsit@inner=\luafunction47
\ltj@@vadjust@begin@inner=\luafunction48
\ltj@@vadjust@dirhook@inner=\luafunction49
\ltj@@vadjust@check@dir@inner=\luafunction50
\ltj@@box@dirhook@inner=\luafunction51
\ltj@@reset@badness@inner=\luafunction52
\ltj@@lua@raisebox@inner=\luafunction53
\ltj@@vsplit@inner=\luafunction54
\ltj@@lua@unboxcheckdir@inner=\luafunction55
\ltj@@lua@uncopycheckdir@inner=\luafunction56
\ltj@@lua@uncopy@restore@whatsit@inner=\luafunction57
(load cache: ltj-kinsoku_default.luc) (c:/texlive/2024/texmf-dist/tex/luatex/luatexja/ltj-latex.sty
Package: ltj-latex 2024-05-16 LaTeX support of LuaTeX-ja
Inserting `ltj.direction' in `pre_shipout_filter'. (c:/texlive/2024/texmf-dist/tex/luatex/luatexja/patches/lltjfont.sty
Package: lltjfont 2023-05-16 Patch to NFSS2 for LuaTeX-ja
\ltj@@latex@plv=\count269
 (c:/texlive/2024/texmf-dist/tex/latex/base/tuenc.def
File: tuenc.def 2021/04/29 v2.0v Standard LaTeX file
\@remove@tlig@@@=\luafunction58
LaTeX Font Info:    Redeclaring font encoding TU on input line 105.
)
\Cht=\dimen144
\cht=\dimen145
\Cdp=\dimen146
\cdp=\dimen147
\Cwd=\dimen148
\cwd=\dimen149
\Cvs=\dimen150
\cvs=\dimen151
\Chs=\dimen152
\chs=\dimen153
\cHT=\dimen154
\dstrutbox=\box53
\tstrutbox=\box54
\zstrutbox=\box55
LaTeX Info: Redefining \strut on input line 70.
\ltj@@add@fenc@@inner=\luafunction59
\ltj@@add@kyenc@@inner=\luafunction60
\ltj@@add@ktenc@@inner=\luafunction61
\ltj@@is@kyenc@@inner=\luafunction62
\ltj@@is@ktenc@@inner=\luafunction63
\ltj@@is@kenc@@inner=\luafunction64
\ltj@@is@ffam@@inner=\luafunction65
\ltj@@add@ffam@@inner=\luafunction66
\ltj@@add@kfam@@inner=\luafunction67
\ltj@@adjust@baseline@inner=\luafunction68
LaTeX Info: Redefining \fontencoding on input line 572.
LaTeX Info: Redefining \fontfamily on input line 615.
LaTeX Info: Redefining \fontseries on input line 769.
LaTeX Info: Redefining \fontseriesforce on input line 770.
LaTeX Info: Redefining \fontshape on input line 778.
LaTeX Info: Redefining \fontshapeforce on input line 789.
\ltj@@jfont@@jfmonly@@inner=\luafunction69
\ltj@@does@alt@set@@inner=\luafunction70
\ltj@@cipath@clear@inner=\luafunction71
) (c:/texlive/2024/texmf-dist/tex/luatex/luatexja/patches/lltjdefs.sty
Package: lltjdefs 2024-05-16 Default font settings of LuaTeX-ja
luaotfload | db : Font names database loaded from C:/texlive/2024/texmf-var/luatex-cache/generic/names/luaotfload-names.luc.gz(load cache: extra_lmroman10-regular.luc)
LaTeX Font Info:    Font shape `JT3/mc/m/n' will be
(Font)              scaled to size 9.24713pt on input line 69.

(c:/texlive/2024/texmf-dist/tex/luatex/luatexja/jfm-ujisv.lua)
LaTeX Font Info:    Font shape `JY3/mc/m/n' will be
(Font)              scaled to size 9.24713pt on input line 69.
(load cache: extra_haranoajimincho-regular.luc)
(c:/texlive/2024/texmf-dist/tex/luatex/luatexja/jfm-ujis.lua)
\symmincho=\mathgroup4
LaTeX Font Info:    Overwriting symbol font `mincho' in version `bold'
(Font)                  JY3/mc/m/n --> JY3/gt/m/n on input line 78.
) (c:/texlive/2024/texmf-dist/tex/luatex/luatexja/patches/lltjcore.sty
Package: lltjcore 2023-02-26 Patch to LaTeX2e Kernel for LuaTeX-ja
 (c:/texlive/2024/texmf-dist/tex/latex/l3kernel/expl3.sty
Package: expl3 2024-11-02 L3 programming layer (loader) 
 (c:/texlive/2024/texmf-dist/tex/latex/l3backend/l3backend-luatex.def
File: l3backend-luatex.def 2024-05-08 L3 backend support: PDF output (LuaTeX)
\l__color_backend_stack_int=\count270
Inserting `l3color' in `luaotfload.parse_color'.
\l__pdf_internal_box=\box56
))
\@tombowwidth=\dimen155
\@TL=\box57
\@Tl=\box58
\@TC=\box59
\@TR=\box60
\@Tr=\box61
\@BL=\box62
\@Bl=\box63
\@BC=\box64
\@BR=\box65
\@Br=\box66
\@CL=\box67
\@CR=\box68
(load cache: extra_lmmono9-regular.luc)
\@bannertoken=\toks26
\@@paperheight=\dimen156
\@@paperwidth=\dimen157
\@@topmargin=\dimen158
LaTeX Info: Redefining \underline on input line 284.
) (c:/texlive/2024/texmf-dist/tex/luatex/luatexja/patches/lltjp-atbegshi.sty
Package: lltjp-atbegshi 2024-05-14 Patching \shipout hooks for LuaTeX-ja
\l__platex_shipout_dummy_box=\box69
) (c:/texlive/2024/texmf-dist/tex/luatex/luatexja/patches/lltjp-geometry.sty
Package: lltjp-geometry 2024-05-16 Patch to geometry for LuaTeX-ja with vertical writing mode
 (c:/texlive/2024/texmf-dist/tex/generic/iftex/ifluatex.sty
Package: ifluatex 2019/10/25 v1.5 ifluatex legacy package. Use iftex instead.
)))
\ltj@temp@cctb=\catcodetable16
) (c:/texlive/2024/texmf-dist/tex/luatex/luatexja/luatexja-compat.sty
Package: luatexja-compat 2020-08-08 Compatibility with pTeX
(load cache: ltj-jisx0208.luc)
\hour=\count271
\minute=\count272
))
\jsc@mpt=\dimen159
\jsc@mmm=\dimen160
\ltjs@@magnify@font@calc=\luafunction72
\jsc@smallskipamount=\skip49
(load cache: extra_lmroman9-regular.luc)
LaTeX Font Info:    Font shape `JY3/mc/m/n' will be
(Font)              scaled to size 8.44485pt on input line 420.
LaTeX Font Info:    Font shape `JT3/mc/m/n' will be
(Font)              scaled to size 9.24713pt on input line 420.
LaTeX Font Info:    Font shape `JY3/mc/m/n' will be
(Font)              scaled to size 9.24713pt on input line 420.
\fullwidth=\dimen161
(load cache: extra_lmroman8-regular.luc)
LaTeX Font Info:    Font shape `JT3/mc/m/n' will be
(Font)              scaled to size 7.3977pt on input line 547.
LaTeX Font Info:    Font shape `JY3/mc/m/n' will be
(Font)              scaled to size 7.3977pt on input line 547.
\c@part=\count273
\c@chapter=\count274
\c@section=\count275
\c@subsection=\count276
\c@subsubsection=\count277
\c@paragraph=\count278
\c@subparagraph=\count279
\@abstractbox=\box70
\c@figure=\count280
\c@table=\count281
\abovecaptionskip=\skip50
\belowcaptionskip=\skip51
LaTeX Info: Redefining \mc on input line 1275.
LaTeX Info: Redefining \gt on input line 1276.
\jsc@tocl@width=\dimen162
\@lnumwidth=\dimen163
\bibindent=\dimen164
 (c:/texlive/2024/texmf-dist/tex/platex/jsclasses/jslogo.sty
Package: jslogo 2019/07/25 okumura, texjporg
LaTeX Info: Redefining \TeX on input line 82.
LaTeX Info: Redefining \LaTeX on input line 135.
LaTeX Info: Redefining \LaTeXe on input line 188.
)
\heisei=\count282
 (c:/texlive/2024/texmf-dist/tex/latex/sttools/stfloats.sty
Package: stfloats 2017/03/27 v3.3 Improve float mechanism and baselineskip settings
\@dblbotnum=\count283
\c@dblbotnumber=\count284
) (c:/texlive/2024/texmf-dist/tex/luatex/luatexja/patches/lltjp-stfloats.sty)) (c:/texlive/2024/texmf-dist/tex/luatex/luatexja/addons/luatexja-fontspec.sty
Package: luatexja-fontspec 2024-05-14 fontspec support of LuaTeX-ja
 (c:/texlive/2024/texmf-dist/tex/latex/l3packages/l3keys2e/l3keys2e.sty
Package: l3keys2e 2024-08-16 LaTeX2e option processing using LaTeX3 keys
) (c:/texlive/2024/texmf-dist/tex/latex/fontspec/fontspec.sty (c:/texlive/2024/texmf-dist/tex/latex/l3packages/xparse/xparse.sty
Package: xparse 2024-08-16 L3 Experimental document command parser
)
Package: fontspec 2024/05/11 v2.9e Font selection for XeLaTeX and LuaLaTeX
Lua module: fontspec 2024/05/11 v2.9e Font selection for XeLaTeX and LuaLaTeX (c:/texlive/2024/texmf-dist/tex/latex/fontspec/fontspec-luatex.sty
Package: fontspec-luatex 2024/05/11 v2.9e Font selection for XeLaTeX and LuaLaTeX
\l__fontspec_script_int=\count285
\l__fontspec_language_int=\count286
\l__fontspec_strnum_int=\count287
\l__fontspec_tmp_int=\count288
\l__fontspec_tmpa_int=\count289
\l__fontspec_tmpb_int=\count290
\l__fontspec_tmpc_int=\count291
\l__fontspec_em_int=\count292
\l__fontspec_emdef_int=\count293
\l__fontspec_strong_int=\count294
\l__fontspec_strongdef_int=\count295
\l__fontspec_tmpa_dim=\dimen165
\l__fontspec_tmpb_dim=\dimen166
\l__fontspec_tmpc_dim=\dimen167
 (c:/texlive/2024/texmf-dist/tex/latex/base/fontenc.sty
Package: fontenc 2021/04/29 v2.0v Standard LaTeX package
) (c:/texlive/2024/texmf-dist/tex/latex/fontspec/fontspec.cfg)(load cache: extra_lmroman10-bold.luc)
LaTeX Font Info:    Font shape `JT3/mc/b/n' in size <10> not available
(Font)              Font shape `JT3/gt/m/n' tried instead on input line 3978.
LaTeX Font Info:    Font shape `JT3/gt/m/n' will be
(Font)              scaled to size 8.44485pt on input line 3978.
LaTeX Font Info:    Font shape `JY3/mc/b/n' in size <10> not available
(Font)              Font shape `JY3/gt/m/n' tried instead on input line 3978.
LaTeX Font Info:    Font shape `JY3/gt/m/n' will be
(Font)              scaled to size 8.44485pt on input line 3978.
(load cache: extra_haranoajigothic-medium.luc))) (c:/texlive/2024/texmf-dist/tex/luatex/luatexja/patches/lltjp-fontspec.sty) (c:/texlive/2024/texmf-dist/tex/luatex/luatexja/addons/luatexja-fontspec-29e.sty
Package: luatexja-fontspec-29e 2024-05-27 fontspec support of LuaTeX-ja
\g__ltj_fontspec_altnumber_int=\count296
)) (c:/texlive/2024/texmf-dist/tex/latex/tocloft/tocloft.sty
Package: tocloft 2017/08/31 v2.3i parameterised ToC, etc., typesetting
Package tocloft Info: The document has chapter divisions on input line 51.
\cftparskip=\skip52
\cftbeforetoctitleskip=\skip53
\cftaftertoctitleskip=\skip54
\cftbeforepartskip=\skip55
\cftpartnumwidth=\skip56
\cftpartindent=\skip57
\cftbeforechapskip=\skip58
\cftchapindent=\skip59
\cftchapnumwidth=\skip60
\cftbeforesecskip=\skip61
\cftsecindent=\skip62
\cftsecnumwidth=\skip63
\cftbeforesubsecskip=\skip64
\cftsubsecindent=\skip65
\cftsubsecnumwidth=\skip66
\cftbeforesubsubsecskip=\skip67
\cftsubsubsecindent=\skip68
\cftsubsubsecnumwidth=\skip69
\cftbeforeparaskip=\skip70
\cftparaindent=\skip71
\cftparanumwidth=\skip72
\cftbeforesubparaskip=\skip73
\cftsubparaindent=\skip74
\cftsubparanumwidth=\skip75
\cftbeforeloftitleskip=\skip76
\cftafterloftitleskip=\skip77
\cftbeforefigskip=\skip78
\cftfigindent=\skip79
\cftfignumwidth=\skip80
\c@lofdepth=\count297
\c@lotdepth=\count298
\cftbeforelottitleskip=\skip81
\cftafterlottitleskip=\skip82
\cftbeforetabskip=\skip83
\cfttabindent=\skip84
\cfttabnumwidth=\skip85
) (c:/texlive/2024/texmf-dist/tex/latex/fancyhdr/fancyhdr.sty
Package: fancyhdr 2024/11/20 v4.4 Extensive control of page headers and footers
\f@nch@headwidth=\skip86
\f@nch@O@elh=\skip87
\f@nch@O@erh=\skip88
\f@nch@O@olh=\skip89
\f@nch@O@orh=\skip90
\f@nch@O@elf=\skip91
\f@nch@O@erf=\skip92
\f@nch@O@olf=\skip93
\f@nch@O@orf=\skip94
) (c:/texlive/2024/texmf-dist/tex/latex/base/makeidx.sty
Package: makeidx 2021/10/04 v1.0m Standard LaTeX package
) (c:/texlive/2024/texmf-dist/tex/latex/graphics/lscape.sty
Package: lscape 2020/05/28 v3.02 Landscape Pages (DPC)
 (c:/texlive/2024/texmf-dist/tex/latex/graphics/graphics.sty
Package: graphics 2024/08/06 v1.4g Standard LaTeX Graphics (DPC,SPQR)
 (c:/texlive/2024/texmf-dist/tex/latex/graphics/trig.sty
Package: trig 2023/12/02 v1.11 sin cos tan (DPC)
) (c:/texlive/2024/texmf-dist/tex/latex/graphics-cfg/graphics.cfg
File: graphics.cfg 2016/06/04 v1.11 sample graphics configuration
)
Package graphics Info: Driver file: luatex.def on input line 106.
 (c:/texlive/2024/texmf-dist/tex/latex/graphics-def/luatex.def
File: luatex.def 2024/04/13 v1.2e Graphics/color driver for luatex
))) (c:/texlive/2024/texmf-dist/tex/latex/url/url.sty
\Urlmuskip=\muskip17
Package: url 2013/09/16  ver 3.4  Verb mode for urls, etc.
) (c:/texlive/2024/texmf-dist/tex/latex/pgf/frontendlayer/tikz.sty (c:/texlive/2024/texmf-dist/tex/latex/pgf/basiclayer/pgf.sty (c:/texlive/2024/texmf-dist/tex/latex/pgf/utilities/pgfrcs.sty (c:/texlive/2024/texmf-dist/tex/generic/pgf/utilities/pgfutil-common.tex
\pgfutil@everybye=\toks27
\pgfutil@tempdima=\dimen168
\pgfutil@tempdimb=\dimen169
) (c:/texlive/2024/texmf-dist/tex/generic/pgf/utilities/pgfutil-latex.def
\pgfutil@abb=\box71
) (c:/texlive/2024/texmf-dist/tex/generic/pgf/utilities/pgfrcs.code.tex (c:/texlive/2024/texmf-dist/tex/generic/pgf/pgf.revision.tex)
Package: pgfrcs 2023-01-15 v3.1.10 (3.1.10)
))
Package: pgf 2023-01-15 v3.1.10 (3.1.10)
 (c:/texlive/2024/texmf-dist/tex/latex/pgf/basiclayer/pgfcore.sty (c:/texlive/2024/texmf-dist/tex/latex/graphics/graphicx.sty
Package: graphicx 2021/09/16 v1.2d Enhanced LaTeX Graphics (DPC,SPQR)
\Gin@req@height=\dimen170
\Gin@req@width=\dimen171
) (c:/texlive/2024/texmf-dist/tex/latex/pgf/systemlayer/pgfsys.sty (c:/texlive/2024/texmf-dist/tex/generic/pgf/systemlayer/pgfsys.code.tex
Package: pgfsys 2023-01-15 v3.1.10 (3.1.10)
 (c:/texlive/2024/texmf-dist/tex/generic/pgf/utilities/pgfkeys.code.tex
\pgfkeys@pathtoks=\toks28
\pgfkeys@temptoks=\toks29
 (c:/texlive/2024/texmf-dist/tex/generic/pgf/utilities/pgfkeyslibraryfiltered.code.tex
\pgfkeys@tmptoks=\toks30
))
\pgf@x=\dimen172
\pgf@y=\dimen173
\pgf@xa=\dimen174
\pgf@ya=\dimen175
\pgf@xb=\dimen176
\pgf@yb=\dimen177
\pgf@xc=\dimen178
\pgf@yc=\dimen179
\pgf@xd=\dimen180
\pgf@yd=\dimen181
\w@pgf@writea=\write3
\r@pgf@reada=\read2
\c@pgf@counta=\count299
\c@pgf@countb=\count300
\c@pgf@countc=\count301
\c@pgf@countd=\count302
\t@pgf@toka=\toks31
\t@pgf@tokb=\toks32
\t@pgf@tokc=\toks33
\pgf@sys@id@count=\count303
 (c:/texlive/2024/texmf-dist/tex/generic/pgf/systemlayer/pgf.cfg
File: pgf.cfg 2023-01-15 v3.1.10 (3.1.10)
)
Driver file for pgf: pgfsys-luatex.def
 (c:/texlive/2024/texmf-dist/tex/generic/pgf/systemlayer/pgfsys-luatex.def
File: pgfsys-luatex.def 2023-01-15 v3.1.10 (3.1.10)
 (c:/texlive/2024/texmf-dist/tex/generic/pgf/systemlayer/pgfsys-common-pdf.def
File: pgfsys-common-pdf.def 2023-01-15 v3.1.10 (3.1.10)
))) (c:/texlive/2024/texmf-dist/tex/generic/pgf/systemlayer/pgfsyssoftpath.code.tex
File: pgfsyssoftpath.code.tex 2023-01-15 v3.1.10 (3.1.10)
\pgfsyssoftpath@smallbuffer@items=\count304
\pgfsyssoftpath@bigbuffer@items=\count305
) (c:/texlive/2024/texmf-dist/tex/generic/pgf/systemlayer/pgfsysprotocol.code.tex
File: pgfsysprotocol.code.tex 2023-01-15 v3.1.10 (3.1.10)
)) (c:/texlive/2024/texmf-dist/tex/latex/xcolor/xcolor.sty
Package: xcolor 2024/09/29 v3.02 LaTeX color extensions (UK)
 (c:/texlive/2024/texmf-dist/tex/latex/graphics-cfg/color.cfg
File: color.cfg 2016/01/02 v1.6 sample color configuration
)
Package xcolor Info: Driver file: luatex.def on input line 274.
 (c:/texlive/2024/texmf-dist/tex/latex/graphics/mathcolor.ltx)
Package xcolor Info: Model `cmy' substituted by `cmy0' on input line 1349.
Package xcolor Info: Model `hsb' substituted by `rgb' on input line 1353.
Package xcolor Info: Model `RGB' extended on input line 1365.
Package xcolor Info: Model `HTML' substituted by `rgb' on input line 1367.
Package xcolor Info: Model `Hsb' substituted by `hsb' on input line 1368.
Package xcolor Info: Model `tHsb' substituted by `hsb' on input line 1369.
Package xcolor Info: Model `HSB' substituted by `hsb' on input line 1370.
Package xcolor Info: Model `Gray' substituted by `gray' on input line 1371.
Package xcolor Info: Model `wave' substituted by `hsb' on input line 1372.
) (c:/texlive/2024/texmf-dist/tex/generic/pgf/basiclayer/pgfcore.code.tex
Package: pgfcore 2023-01-15 v3.1.10 (3.1.10)
 (c:/texlive/2024/texmf-dist/tex/generic/pgf/math/pgfmath.code.tex (c:/texlive/2024/texmf-dist/tex/generic/pgf/math/pgfmathutil.code.tex) (c:/texlive/2024/texmf-dist/tex/generic/pgf/math/pgfmathparser.code.tex
\pgfmath@dimen=\dimen182
\pgfmath@count=\count306
\pgfmath@box=\box72
\pgfmath@toks=\toks34
\pgfmath@stack@operand=\toks35
\pgfmath@stack@operation=\toks36
) (c:/texlive/2024/texmf-dist/tex/generic/pgf/math/pgfmathfunctions.code.tex) (c:/texlive/2024/texmf-dist/tex/generic/pgf/math/pgfmathfunctions.basic.code.tex) (c:/texlive/2024/texmf-dist/tex/generic/pgf/math/pgfmathfunctions.trigonometric.code.tex) (c:/texlive/2024/texmf-dist/tex/generic/pgf/math/pgfmathfunctions.random.code.tex) (c:/texlive/2024/texmf-dist/tex/generic/pgf/math/pgfmathfunctions.comparison.code.tex) (c:/texlive/2024/texmf-dist/tex/generic/pgf/math/pgfmathfunctions.base.code.tex) (c:/texlive/2024/texmf-dist/tex/generic/pgf/math/pgfmathfunctions.round.code.tex) (c:/texlive/2024/texmf-dist/tex/generic/pgf/math/pgfmathfunctions.misc.code.tex) (c:/texlive/2024/texmf-dist/tex/generic/pgf/math/pgfmathfunctions.integerarithmetics.code.tex) (c:/texlive/2024/texmf-dist/tex/generic/pgf/math/pgfmathcalc.code.tex) (c:/texlive/2024/texmf-dist/tex/generic/pgf/math/pgfmathfloat.code.tex
\c@pgfmathroundto@lastzeros=\count307
)) (c:/texlive/2024/texmf-dist/tex/generic/pgf/math/pgfint.code.tex) (c:/texlive/2024/texmf-dist/tex/generic/pgf/basiclayer/pgfcorepoints.code.tex
File: pgfcorepoints.code.tex 2023-01-15 v3.1.10 (3.1.10)
\pgf@picminx=\dimen183
\pgf@picmaxx=\dimen184
\pgf@picminy=\dimen185
\pgf@picmaxy=\dimen186
\pgf@pathminx=\dimen187
\pgf@pathmaxx=\dimen188
\pgf@pathminy=\dimen189
\pgf@pathmaxy=\dimen190
\pgf@xx=\dimen191
\pgf@xy=\dimen192
\pgf@yx=\dimen193
\pgf@yy=\dimen194
\pgf@zx=\dimen195
\pgf@zy=\dimen196
) (c:/texlive/2024/texmf-dist/tex/generic/pgf/basiclayer/pgfcorepathconstruct.code.tex
File: pgfcorepathconstruct.code.tex 2023-01-15 v3.1.10 (3.1.10)
\pgf@path@lastx=\dimen197
\pgf@path@lasty=\dimen198
) (c:/texlive/2024/texmf-dist/tex/generic/pgf/basiclayer/pgfcorepathusage.code.tex
File: pgfcorepathusage.code.tex 2023-01-15 v3.1.10 (3.1.10)
\pgf@shorten@end@additional=\dimen199
\pgf@shorten@start@additional=\dimen256
) (c:/texlive/2024/texmf-dist/tex/generic/pgf/basiclayer/pgfcorescopes.code.tex
File: pgfcorescopes.code.tex 2023-01-15 v3.1.10 (3.1.10)
\pgfpic=\box73
\pgf@hbox=\box74
\pgf@layerbox@main=\box75
\pgf@picture@serial@count=\count308
) (c:/texlive/2024/texmf-dist/tex/generic/pgf/basiclayer/pgfcoregraphicstate.code.tex
File: pgfcoregraphicstate.code.tex 2023-01-15 v3.1.10 (3.1.10)
\pgflinewidth=\dimen257
) (c:/texlive/2024/texmf-dist/tex/generic/pgf/basiclayer/pgfcoretransformations.code.tex
File: pgfcoretransformations.code.tex 2023-01-15 v3.1.10 (3.1.10)
\pgf@pt@x=\dimen258
\pgf@pt@y=\dimen259
\pgf@pt@temp=\dimen260
) (c:/texlive/2024/texmf-dist/tex/generic/pgf/basiclayer/pgfcorequick.code.tex
File: pgfcorequick.code.tex 2023-01-15 v3.1.10 (3.1.10)
) (c:/texlive/2024/texmf-dist/tex/generic/pgf/basiclayer/pgfcoreobjects.code.tex
File: pgfcoreobjects.code.tex 2023-01-15 v3.1.10 (3.1.10)
) (c:/texlive/2024/texmf-dist/tex/generic/pgf/basiclayer/pgfcorepathprocessing.code.tex
File: pgfcorepathprocessing.code.tex 2023-01-15 v3.1.10 (3.1.10)
) (c:/texlive/2024/texmf-dist/tex/generic/pgf/basiclayer/pgfcorearrows.code.tex
File: pgfcorearrows.code.tex 2023-01-15 v3.1.10 (3.1.10)
\pgfarrowsep=\dimen261
) (c:/texlive/2024/texmf-dist/tex/generic/pgf/basiclayer/pgfcoreshade.code.tex
File: pgfcoreshade.code.tex 2023-01-15 v3.1.10 (3.1.10)
\pgf@max=\dimen262
\pgf@sys@shading@range@num=\count309
\pgf@shadingcount=\count310
) (c:/texlive/2024/texmf-dist/tex/generic/pgf/basiclayer/pgfcoreimage.code.tex
File: pgfcoreimage.code.tex 2023-01-15 v3.1.10 (3.1.10)
) (c:/texlive/2024/texmf-dist/tex/generic/pgf/basiclayer/pgfcoreexternal.code.tex
File: pgfcoreexternal.code.tex 2023-01-15 v3.1.10 (3.1.10)
\pgfexternal@startupbox=\box76
) (c:/texlive/2024/texmf-dist/tex/generic/pgf/basiclayer/pgfcorelayers.code.tex
File: pgfcorelayers.code.tex 2023-01-15 v3.1.10 (3.1.10)
) (c:/texlive/2024/texmf-dist/tex/generic/pgf/basiclayer/pgfcoretransparency.code.tex
File: pgfcoretransparency.code.tex 2023-01-15 v3.1.10 (3.1.10)
) (c:/texlive/2024/texmf-dist/tex/generic/pgf/basiclayer/pgfcorepatterns.code.tex
File: pgfcorepatterns.code.tex 2023-01-15 v3.1.10 (3.1.10)
) (c:/texlive/2024/texmf-dist/tex/generic/pgf/basiclayer/pgfcorerdf.code.tex
File: pgfcorerdf.code.tex 2023-01-15 v3.1.10 (3.1.10)
))) (c:/texlive/2024/texmf-dist/tex/generic/pgf/modules/pgfmoduleshapes.code.tex
File: pgfmoduleshapes.code.tex 2023-01-15 v3.1.10 (3.1.10)
\pgfnodeparttextbox=\box77
) (c:/texlive/2024/texmf-dist/tex/generic/pgf/modules/pgfmoduleplot.code.tex
File: pgfmoduleplot.code.tex 2023-01-15 v3.1.10 (3.1.10)
) (c:/texlive/2024/texmf-dist/tex/latex/pgf/compatibility/pgfcomp-version-0-65.sty
Package: pgfcomp-version-0-65 2023-01-15 v3.1.10 (3.1.10)
\pgf@nodesepstart=\dimen263
\pgf@nodesepend=\dimen264
) (c:/texlive/2024/texmf-dist/tex/latex/pgf/compatibility/pgfcomp-version-1-18.sty
Package: pgfcomp-version-1-18 2023-01-15 v3.1.10 (3.1.10)
)) (c:/texlive/2024/texmf-dist/tex/latex/pgf/utilities/pgffor.sty (c:/texlive/2024/texmf-dist/tex/latex/pgf/utilities/pgfkeys.sty (c:/texlive/2024/texmf-dist/tex/generic/pgf/utilities/pgfkeys.code.tex)) (c:/texlive/2024/texmf-dist/tex/latex/pgf/math/pgfmath.sty (c:/texlive/2024/texmf-dist/tex/generic/pgf/math/pgfmath.code.tex)) (c:/texlive/2024/texmf-dist/tex/generic/pgf/utilities/pgffor.code.tex
Package: pgffor 2023-01-15 v3.1.10 (3.1.10)
\pgffor@iter=\dimen265
\pgffor@skip=\dimen266
\pgffor@stack=\toks37
\pgffor@toks=\toks38
)) (c:/texlive/2024/texmf-dist/tex/generic/pgf/frontendlayer/tikz/tikz.code.tex
Package: tikz 2023-01-15 v3.1.10 (3.1.10)
 (c:/texlive/2024/texmf-dist/tex/generic/pgf/libraries/pgflibraryplothandlers.code.tex
File: pgflibraryplothandlers.code.tex 2023-01-15 v3.1.10 (3.1.10)
\pgf@plot@mark@count=\count311
\pgfplotmarksize=\dimen267
)
\tikz@lastx=\dimen268
\tikz@lasty=\dimen269
\tikz@lastxsaved=\dimen270
\tikz@lastysaved=\dimen271
\tikz@lastmovetox=\dimen272
\tikz@lastmovetoy=\dimen273
\tikzleveldistance=\dimen274
\tikzsiblingdistance=\dimen275
\tikz@figbox=\box78
\tikz@figbox@bg=\box79
\tikz@tempbox=\box80
\tikz@tempbox@bg=\box81
\tikztreelevel=\count312
\tikznumberofchildren=\count313
\tikznumberofcurrentchild=\count314
\tikz@fig@count=\count315
 (c:/texlive/2024/texmf-dist/tex/generic/pgf/modules/pgfmodulematrix.code.tex
File: pgfmodulematrix.code.tex 2023-01-15 v3.1.10 (3.1.10)
\pgfmatrixcurrentrow=\count316
\pgfmatrixcurrentcolumn=\count317
\pgf@matrix@numberofcolumns=\count318
)
\tikz@expandcount=\count319
 (c:/texlive/2024/texmf-dist/tex/generic/pgf/frontendlayer/tikz/libraries/tikzlibrarytopaths.code.tex
File: tikzlibrarytopaths.code.tex 2023-01-15 v3.1.10 (3.1.10)
))) (c:/texlive/2024/texmf-dist/tex/latex/amsmath/amsmath.sty
Package: amsmath 2024/11/05 v2.17t AMS math features
\@mathmargin=\skip95

For additional information on amsmath, use the `?' option.
(c:/texlive/2024/texmf-dist/tex/latex/amsmath/amstext.sty
Package: amstext 2021/08/26 v2.01 AMS text
 (c:/texlive/2024/texmf-dist/tex/latex/amsmath/amsgen.sty
File: amsgen.sty 1999/11/30 v2.0 generic functions
\@emptytoks=\toks39
\ex@=\dimen276
)) (c:/texlive/2024/texmf-dist/tex/latex/amsmath/amsbsy.sty
Package: amsbsy 1999/11/29 v1.2d Bold Symbols
\pmbraise@=\dimen277
) (c:/texlive/2024/texmf-dist/tex/latex/amsmath/amsopn.sty
Package: amsopn 2022/04/08 v2.04 operator names
)
\inf@bad=\count320
LaTeX Info: Redefining \frac on input line 235.
\uproot@=\count321
\leftroot@=\count322
LaTeX Info: Redefining \overline on input line 398.
LaTeX Info: Redefining \colon on input line 409.
\classnum@=\count323
\DOTSCASE@=\count324
LaTeX Info: Redefining \ldots on input line 495.
LaTeX Info: Redefining \dots on input line 498.
LaTeX Info: Redefining \cdots on input line 619.
\Mathstrutbox@=\box82
\strutbox@=\box83
LaTeX Info: Redefining \big on input line 721.
LaTeX Info: Redefining \Big on input line 722.
LaTeX Info: Redefining \bigg on input line 723.
LaTeX Info: Redefining \Bigg on input line 724.
\big@size=\dimen278
LaTeX Font Info:    Redeclaring font encoding OML on input line 742.
LaTeX Font Info:    Redeclaring font encoding OMS on input line 743.
\macc@depth=\count325
LaTeX Info: Redefining \bmod on input line 904.
LaTeX Info: Redefining \pmod on input line 909.
LaTeX Info: Redefining \smash on input line 939.
LaTeX Info: Redefining \relbar on input line 969.
LaTeX Info: Redefining \Relbar on input line 970.
\c@MaxMatrixCols=\count326
\dotsspace@=\muskip18
\c@parentequation=\count327
\dspbrk@lvl=\count328
\tag@help=\toks40
\row@=\count329
\column@=\count330
\maxfields@=\count331
\andhelp@=\toks41
\eqnshift@=\dimen279
\alignsep@=\dimen280
\tagshift@=\dimen281
\tagwidth@=\dimen282
\totwidth@=\dimen283
\lineht@=\dimen284
\@envbody=\toks42
\multlinegap=\skip96
\multlinetaggap=\skip97
\mathdisplay@stack=\toks43
LaTeX Info: Redefining \[ on input line 2953.
LaTeX Info: Redefining \] on input line 2954.
) (c:/texlive/2024/texmf-dist/tex/latex/titlesec/titlesec.sty
Package: titlesec 2023/10/27 v2.16 Sectioning titles
\ttl@box=\box84
\beforetitleunit=\skip98
\aftertitleunit=\skip99
\ttl@plus=\dimen285
\ttl@minus=\dimen286
\ttl@toksa=\toks44
\titlewidth=\dimen287
\titlewidthlast=\dimen288
\titlewidthfirst=\dimen289
) (c:/texlive/2024/texmf-dist/tex/latex/pdfpages/pdfpages.sty
Package: pdfpages 2024/10/28 v0.6c Insert pages of external PDF documents (AM)
 (c:/texlive/2024/texmf-dist/tex/latex/base/ifthen.sty
Package: ifthen 2024/03/16 v1.1e Standard LaTeX ifthen package (DPC)
) (c:/texlive/2024/texmf-dist/tex/latex/tools/calc.sty
Package: calc 2023/07/08 v4.3 Infix arithmetic (KKT,FJ)
\calc@Acount=\count332
\calc@Bcount=\count333
\calc@Adimen=\dimen290
\calc@Bdimen=\dimen291
\calc@Askip=\skip100
\calc@Bskip=\skip101
LaTeX Info: Redefining \setlength on input line 80.
LaTeX Info: Redefining \addtolength on input line 81.
\calc@Ccount=\count334
\calc@Cskip=\skip102
) (c:/texlive/2024/texmf-dist/tex/latex/eso-pic/eso-pic.sty
Package: eso-pic 2023/05/03 v3.0c eso-pic (RN)
\ESO@tempdima=\dimen292
\ESO@tempdimb=\dimen293
)
\AM@pagewidth=\dimen294
\AM@pageheight=\dimen295
\AM@fboxrule=\dimen296
 (c:/texlive/2024/texmf-dist/tex/latex/pdfpages/ppluatex.def
File: ppluatex.def 2024/10/28 v0.6c Pdfpages driver for LuaTeX (AM)
)
\pdfpages@includegraphics@status=\count335
\AM@pagebox=\box85
\AM@global@opts=\toks45
\AM@pagecnt=\count336
\AM@toc@title=\toks46
\AM@lof@heading=\toks47
\c@AM@survey=\count337
\AM@templatesizebox=\box86
) (./thesis_mpd.aux)
\openout1 = thesis_mpd.aux

LaTeX Font Info:    Checking defaults for OML/cmm/m/it on input line 38.
LaTeX Font Info:    ... okay on input line 38.
LaTeX Font Info:    Checking defaults for OMS/cmsy/m/n on input line 38.
LaTeX Font Info:    ... okay on input line 38.
LaTeX Font Info:    Checking defaults for OT1/cmr/m/n on input line 38.
LaTeX Font Info:    ... okay on input line 38.
LaTeX Font Info:    Checking defaults for T1/cmr/m/n on input line 38.
LaTeX Font Info:    ... okay on input line 38.
LaTeX Font Info:    Checking defaults for TS1/cmr/m/n on input line 38.
LaTeX Font Info:    ... okay on input line 38.
LaTeX Font Info:    Checking defaults for TU/lmr/m/n on input line 38.
LaTeX Font Info:    ... okay on input line 38.
LaTeX Font Info:    Checking defaults for OMX/cmex/m/n on input line 38.
LaTeX Font Info:    ... okay on input line 38.
LaTeX Font Info:    Checking defaults for U/cmr/m/n on input line 38.
LaTeX Font Info:    ... okay on input line 38.
LaTeX Font Info:    Checking defaults for JY3/mc/m/n on input line 38.
LaTeX Font Info:    ... okay on input line 38.
LaTeX Font Info:    Checking defaults for JT3/mc/m/n on input line 38.
LaTeX Font Info:    ... okay on input line 38.

Package fontspec Info: 
(fontspec)             Adjusting the maths setup (use [no-math] to avoid
(fontspec)             this).

\symlegacymaths=\mathgroup5
LaTeX Font Info:    Overwriting symbol font `legacymaths' in version `bold'
(Font)                  OT1/cmr/m/n --> OT1/cmr/bx/n on input line 38.
LaTeX Font Info:    Redeclaring math accent \acute on input line 38.
LaTeX Font Info:    Redeclaring math accent \grave on input line 38.
LaTeX Font Info:    Redeclaring math accent \ddot on input line 38.
LaTeX Font Info:    Redeclaring math accent \tilde on input line 38.
LaTeX Font Info:    Redeclaring math accent \bar on input line 38.
LaTeX Font Info:    Redeclaring math accent \breve on input line 38.
LaTeX Font Info:    Redeclaring math accent \check on input line 38.
LaTeX Font Info:    Redeclaring math accent \hat on input line 38.
LaTeX Font Info:    Redeclaring math accent \dot on input line 38.
LaTeX Font Info:    Redeclaring math accent \mathring on input line 38.
LaTeX Font Info:    Redeclaring math symbol \Gamma on input line 38.
LaTeX Font Info:    Redeclaring math symbol \Delta on input line 38.
LaTeX Font Info:    Redeclaring math symbol \Theta on input line 38.
LaTeX Font Info:    Redeclaring math symbol \Lambda on input line 38.
LaTeX Font Info:    Redeclaring math symbol \Xi on input line 38.
LaTeX Font Info:    Redeclaring math symbol \Pi on input line 38.
LaTeX Font Info:    Redeclaring math symbol \Sigma on input line 38.
LaTeX Font Info:    Redeclaring math symbol \Upsilon on input line 38.
LaTeX Font Info:    Redeclaring math symbol \Phi on input line 38.
LaTeX Font Info:    Redeclaring math symbol \Psi on input line 38.
LaTeX Font Info:    Redeclaring math symbol \Omega on input line 38.
LaTeX Font Info:    Redeclaring math symbol \mathdollar on input line 38.
LaTeX Font Info:    Redeclaring symbol font `operators' on input line 38.
LaTeX Font Info:    Encoding `OT1' has changed to `TU' for symbol font
(Font)              `operators' in the math version `normal' on input line 38.
LaTeX Font Info:    Overwriting symbol font `operators' in version `normal'
(Font)                  OT1/cmr/m/n --> TU/lmr/m/n on input line 38.
LaTeX Font Info:    Encoding `OT1' has changed to `TU' for symbol font
(Font)              `operators' in the math version `bold' on input line 38.
LaTeX Font Info:    Overwriting symbol font `operators' in version `bold'
(Font)                  OT1/cmr/bx/n --> TU/lmr/m/n on input line 38.
LaTeX Font Info:    Overwriting symbol font `operators' in version `normal'
(Font)                  TU/lmr/m/n --> TU/lmr/m/n on input line 38.
LaTeX Font Info:    Overwriting math alphabet `\mathit' in version `normal'
(Font)                  OT1/cmr/m/it --> TU/lmr/m/it on input line 38.
LaTeX Font Info:    Overwriting math alphabet `\mathbf' in version `normal'
(Font)                  OT1/cmr/bx/n --> TU/lmr/b/n on input line 38.
LaTeX Font Info:    Overwriting math alphabet `\mathsf' in version `normal'
(Font)                  OT1/cmss/m/n --> TU/lmss/m/n on input line 38.
LaTeX Font Info:    Overwriting math alphabet `\mathtt' in version `normal'
(Font)                  OT1/cmtt/m/n --> TU/lmtt/m/n on input line 38.
LaTeX Font Info:    Overwriting symbol font `operators' in version `bold'
(Font)                  TU/lmr/m/n --> TU/lmr/b/n on input line 38.
LaTeX Font Info:    Overwriting math alphabet `\mathit' in version `bold'
(Font)                  OT1/cmr/bx/it --> TU/lmr/b/it on input line 38.
LaTeX Font Info:    Overwriting math alphabet `\mathsf' in version `bold'
(Font)                  OT1/cmss/bx/n --> TU/lmss/b/n on input line 38.
LaTeX Font Info:    Overwriting math alphabet `\mathtt' in version `bold'
(Font)                  OT1/cmtt/m/n --> TU/lmtt/b/n on input line 38.
 (c:/texlive/2024/texmf-dist/tex/context/base/mkii/supp-pdf.mkii
[Loading MPS to PDF converter (version 2006.09.02).]
\scratchcounter=\count338
\scratchdimen=\dimen297
\scratchbox=\box87
\nofMPsegments=\count339
\nofMParguments=\count340
\everyMPshowfont=\toks48
\MPscratchCnt=\count341
\MPscratchDim=\dimen298
\MPnumerator=\count342
\makeMPintoPDFobject=\count343
\everyMPtoPDFconversion=\toks49
) (c:/texlive/2024/texmf-dist/tex/latex/epstopdf-pkg/epstopdf-base.sty
Package: epstopdf-base 2020-01-24 v2.11 Base part for package epstopdf
Package epstopdf-base Info: Redefining graphics rule for `.eps' on input line 485.
 (c:/texlive/2024/texmf-dist/tex/latex/latexconfig/epstopdf-sys.cfg
File: epstopdf-sys.cfg 2010/07/13 v1.3 Configuration of (r)epstopdf for TeX Live
)) (c:/texlive/2024/texmf-dist/tex/latex/pdflscape/pdflscape.sty
Package: pdflscape 2022-10-27 v0.13 Display of landscape pages in PDF
 (c:/texlive/2024/texmf-dist/tex/latex/pdflscape/pdflscape-nometadata.sty
Package: pdflscape-nometadata 2022-10-28 v0.13 Display of landscape pages in PDF (HO)
Package pdflscape Info: Auto-detected driver: pdftex on input line 81.
))(load cache: extra_lmroman17-regular.luc)
LaTeX Font Info:    Font shape `JT3/mc/m/n' will be
(Font)              scaled to size 19.17854pt on input line 45.
LaTeX Font Info:    Font shape `JY3/mc/m/n' will be
(Font)              scaled to size 19.17854pt on input line 45.
(load cache: extra_lmroman12-bold.luc)
LaTeX Font Info:    Font shape `JT3/mc/b/n' in size <20.74> not available
(Font)              Font shape `JT3/gt/m/n' tried instead on input line 45.
LaTeX Font Info:    Font shape `JT3/gt/m/n' will be
(Font)              scaled to size 17.51463pt on input line 45.
LaTeX Font Info:    Font shape `JY3/mc/b/n' in size <20.74> not available
(Font)              Font shape `JY3/gt/m/n' tried instead on input line 45.
LaTeX Font Info:    Font shape `JY3/gt/m/n' will be
(Font)              scaled to size 17.51463pt on input line 45.
(load cache: extra_lmroman12-regular.luc)
LaTeX Font Info:    Font shape `JT3/mc/m/n' will be
(Font)              scaled to size 13.31584pt on input line 61.
LaTeX Font Info:    Font shape `JY3/mc/m/n' will be
(Font)              scaled to size 13.31584pt on input line 61.


[1

{c:/texlive/2024/texmf-var/fonts/map/pdftex/updmap/pdftex.map}]

[1]
LaTeX Font Info:    Font shape `JT3/mc/m/n' will be
(Font)              scaled to size 23.00685pt on input line 94.
LaTeX Font Info:    Font shape `JY3/mc/m/n' will be
(Font)              scaled to size 23.00685pt on input line 94.
LaTeX Font Info:    Font shape `JT3/mc/b/n' in size <24.87999> not available
(Font)              Font shape `JT3/gt/m/n' tried instead on input line 94.
LaTeX Font Info:    Font shape `JT3/gt/m/n' will be
(Font)              scaled to size 21.01079pt on input line 94.
LaTeX Font Info:    Font shape `JY3/mc/b/n' in size <24.87999> not available
(Font)              Font shape `JY3/gt/m/n' tried instead on input line 94.
LaTeX Font Info:    Font shape `JY3/gt/m/n' will be
(Font)              scaled to size 21.01079pt on input line 94.
 (./thesis_mpd.toc
LaTeX Font Info:    Calculating math sizes for size <10.95001> on input line 1.
(load cache: extra_lmroman7-regular.luc)(load cache: extra_lmroman5-regular.luc)
LaTeX Font Info:    Font shape `JY3/mc/m/n' will be
(Font)              scaled to size 6.47295pt on input line 1.
LaTeX Font Info:    Font shape `JY3/mc/m/n' will be
(Font)              scaled to size 4.62357pt on input line 1.


[1

])
\tf@toc=\write4

\openout4 = thesis_mpd.toc
 (./thesis_mpd.lof

[2])
\tf@lof=\write5

\openout5 = thesis_mpd.lof
 (./thesis_mpd.lot)
\tf@lot=\write6

\openout6 = thesis_mpd.lot


[3]
第1章
LaTeX Font Info:    Font shape `JT3/gt/m/n' will be
(Font)              scaled to size 19.17854pt on input line 116.
LaTeX Font Info:    Font shape `JY3/gt/m/n' will be
(Font)              scaled to size 19.17854pt on input line 116.
(load cache: extra_lmsans17-regular.luc)
LaTeX Font Info:    Font shape `JT3/gt/m/n' will be
(Font)              scaled to size 23.00685pt on input line 116.
LaTeX Font Info:    Font shape `JY3/gt/m/n' will be
(Font)              scaled to size 23.00685pt on input line 116.
LaTeX Font Info:    Font shape `JT3/gt/m/n' will be
(Font)              scaled to size 13.31584pt on input line 117.
LaTeX Font Info:    Font shape `JY3/gt/m/n' will be
(Font)              scaled to size 13.31584pt on input line 117.
(load cache: extra_lmsans12-regular.luc)
LaTeX Font Info:    Font shape `JT3/mc/m/n' will be
(Font)              scaled to size 11.09656pt on input line 122.
LaTeX Font Info:    Font shape `JY3/mc/m/n' will be
(Font)              scaled to size 11.09656pt on input line 122.
LaTeX Font Info:    Font shape `JT3/gt/m/n' will be
(Font)              scaled to size 11.09656pt on input line 122.
LaTeX Font Info:    Font shape `JY3/gt/m/n' will be
(Font)              scaled to size 11.09656pt on input line 122.

warning  (file PDF/graph_2.pdf) (pdf inclusion): PDF inclusion: found PDF version '1.6', but at most version '1.5' allowed
<PDF/graph_2.pdf, id=25, 425.1624pt x 257.763pt>
File: PDF/graph_2.pdf Graphic file (type pdf)
<use PDF/graph_2.pdf>
Package luatex.def Info: PDF/graph_2.pdf  used on input line 133.
(luatex.def)             Requested size: 341.43306pt x 207.00124pt.
LaTeX Font Info:    Font shape `JT3/mc/m/n' will be
(Font)              scaled to size 8.32242pt on input line 134.
LaTeX Font Info:    Font shape `JY3/mc/m/n' will be
(Font)              scaled to size 8.32242pt on input line 134.


[1


]

[2<./PDF/graph_2.pdf>]

[3]
第2章
(load cache: extra_lmmono10-regular.luc)
LaTeX Font Info:    Font shape `JT3/gt/m/n' will be
(Font)              scaled to size 9.24713pt on input line 204.
LaTeX Font Info:    Font shape `JY3/gt/m/n' will be
(Font)              scaled to size 9.24713pt on input line 204.


[4

]
<PDF/LINE_stamp.jpg, id=59, 752.8125pt x 1298.8525pt>
File: PDF/LINE_stamp.jpg Graphic file (type jpg)
<use PDF/LINE_stamp.jpg>
Package luatex.def Info: PDF/LINE_stamp.jpg  used on input line 245.
(luatex.def)             Requested size: 142.26378pt x 245.45668pt.


LaTeX Warning: Citation `Thesis2' on page 5 undefined on input line 263.



[5]
warning  (file PDF/gazou_1.pdf) (pdf inclusion): PDF inclusion: found PDF version '1.6', but at most version '1.5' allowed
<PDF/gazou_1.pdf, id=63, 554.82281pt x 252.19218pt>
File: PDF/gazou_1.pdf Graphic file (type pdf)
<use PDF/gazou_1.pdf>
Package luatex.def Info: PDF/gazou_1.pdf  used on input line 285.
(luatex.def)             Requested size: 426.79134pt x 193.99617pt.


[6<./PDF/LINE_stamp.jpg>]

[7<./PDF/gazou_1.pdf>]
第3章


[8

]

[9

]
<PDF/graph_1.png, id=79, 605.6226pt x 220.1826pt>
File: PDF/graph_1.png Graphic file (type png)
<use PDF/graph_1.png>
Package luatex.def Info: PDF/graph_1.png  used on input line 405.
(luatex.def)             Requested size: 284.52756pt x 103.44551pt.


[10

<./PDF/graph_1.png>]

[11]
<PDF/system_2.pdf, id=87, 845.04709pt x 597.50829pt>
File: PDF/system_2.pdf Graphic file (type pdf)
<use PDF/system_2.pdf>
Package luatex.def Info: PDF/system_2.pdf  used on input line 521.
(luatex.def)             Requested size: 426.79134pt x 301.77121pt.


[12]

[13<./PDF/system_2.pdf>]

[14]
第4章


[15

]
第5章


[16

]

[17

]

[18

]
付録A


[19

]
付録B

warning  (file PDF/setsumei.pdf) (pdf inclusion): PDF inclusion: found PDF version '1.6', but at most version '1.5' allowed
<PDF/setsumei.pdf, id=231, 597.55244pt x 845.0772pt>
File: PDF/setsumei.pdf Graphic file (type pdf)
<use PDF/setsumei.pdf>
Package luatex.def Info: PDF/setsumei.pdf  used on input line 727.
(luatex.def)             Requested size: 597.55098pt x 845.07513pt.

warning  (file PDF/setsumei.pdf) (pdf inclusion): PDF inclusion: found PDF version '1.6', but at most version '1.5' allowed
File: PDF/setsumei.pdf Graphic file (type pdf)
<use PDF/setsumei.pdf>
Package luatex.def Info: PDF/setsumei.pdf  used on input line 727.
(luatex.def)             Requested size: 597.55098pt x 845.07513pt.

warning  (file PDF/setsumei.pdf) (pdf inclusion): PDF inclusion: found PDF version '1.6', but at most version '1.5' allowed

warning  (file PDF/setsumei.pdf) (pdf inclusion): PDF inclusion: found PDF version '1.6', but at most version '1.5' allowed
<PDF/setsumei.pdf, id=234, page=1, 597.55244pt x 845.0772pt>
File: PDF/setsumei.pdf Graphic file (type pdf)
<use PDF/setsumei.pdf, page 1>
Package luatex.def Info: PDF/setsumei.pdf , page1 used on input line 727.
(luatex.def)             Requested size: 597.55098pt x 845.07513pt.
File: PDF/setsumei.pdf Graphic file (type pdf)
<use PDF/setsumei.pdf, page 1>
Package luatex.def Info: PDF/setsumei.pdf , page1 used on input line 727.
(luatex.def)             Requested size: 537.79222pt x 760.56245pt.


[20

]
File: PDF/setsumei.pdf Graphic file (type pdf)
<use PDF/setsumei.pdf, page 1>
Package luatex.def Info: PDF/setsumei.pdf , page1 used on input line 727.
(luatex.def)             Requested size: 537.79222pt x 760.56245pt.
File: PDF/setsumei.pdf Graphic file (type pdf)
<use PDF/setsumei.pdf, page 1>
Package luatex.def Info: PDF/setsumei.pdf , page1 used on input line 727.
(luatex.def)             Requested size: 537.79222pt x 760.56245pt.


File: PDF/setsumei.pdf Graphic file (type pdf)
<use PDF/setsumei.pdf, page 1>
Package luatex.def Info: PDF/setsumei.pdf , page1 used on input line 727.
(luatex.def)             Requested size: 537.79222pt x 760.56245pt.
[21

<./PDF/setsumei.pdf>]
warning  (file PDF/setsumei.pdf) (pdf inclusion): PDF inclusion: found PDF version '1.6', but at most version '1.5' allowed
<PDF/setsumei.pdf, id=269, page=2, 597.55244pt x 845.0772pt>
File: PDF/setsumei.pdf Graphic file (type pdf)
<use PDF/setsumei.pdf, page 2>
Package luatex.def Info: PDF/setsumei.pdf , page2 used on input line 727.
(luatex.def)             Requested size: 537.79222pt x 760.56245pt.
File: PDF/setsumei.pdf Graphic file (type pdf)
<use PDF/setsumei.pdf, page 2>
Package luatex.def Info: PDF/setsumei.pdf , page2 used on input line 727.
(luatex.def)             Requested size: 537.79222pt x 760.56245pt.


File: PDF/setsumei.pdf Graphic file (type pdf)
<use PDF/setsumei.pdf, page 2>
Package luatex.def Info: PDF/setsumei.pdf , page2 used on input line 727.
(luatex.def)             Requested size: 537.79222pt x 760.56245pt.
[22

<./PDF/setsumei.pdf>]
warning  (file PDF/setsumei.pdf) (pdf inclusion): PDF inclusion: found PDF version '1.6', but at most version '1.5' allowed
<PDF/setsumei.pdf, id=273, page=3, 597.55244pt x 845.0772pt>
File: PDF/setsumei.pdf Graphic file (type pdf)
<use PDF/setsumei.pdf, page 3>
Package luatex.def Info: PDF/setsumei.pdf , page3 used on input line 727.
(luatex.def)             Requested size: 537.79222pt x 760.56245pt.
File: PDF/setsumei.pdf Graphic file (type pdf)
<use PDF/setsumei.pdf, page 3>
Package luatex.def Info: PDF/setsumei.pdf , page3 used on input line 727.
(luatex.def)             Requested size: 537.79222pt x 760.56245pt.


File: PDF/setsumei.pdf Graphic file (type pdf)
<use PDF/setsumei.pdf, page 3>
Package luatex.def Info: PDF/setsumei.pdf , page3 used on input line 727.
(luatex.def)             Requested size: 537.79222pt x 760.56245pt.
[23

<./PDF/setsumei.pdf>]
File: PDF/setsumei.pdf Graphic file (type pdf)
<use PDF/setsumei.pdf>
Package luatex.def Info: PDF/setsumei.pdf  used on input line 730.
(luatex.def)             Requested size: 597.55098pt x 845.07513pt.

warning  (file PDF/setsumei.pdf) (pdf inclusion): PDF inclusion: found PDF version '1.6', but at most version '1.5' allowed
File: PDF/setsumei.pdf Graphic file (type pdf)
<use PDF/setsumei.pdf>
Package luatex.def Info: PDF/setsumei.pdf  used on input line 730.
(luatex.def)             Requested size: 597.55098pt x 845.07513pt.

warning  (file PDF/setsumei.pdf) (pdf inclusion): PDF inclusion: found PDF version '1.6', but at most version '1.5' allowed
File: PDF/setsumei.pdf Graphic file (type pdf)
<use PDF/setsumei.pdf, page 1>
Package luatex.def Info: PDF/setsumei.pdf , page1 used on input line 730.
(luatex.def)             Requested size: 597.55098pt x 845.07513pt.
File: PDF/setsumei.pdf Graphic file (type pdf)
<use PDF/setsumei.pdf, page 1>
Package luatex.def Info: PDF/setsumei.pdf , page1 used on input line 730.
(luatex.def)             Requested size: 537.79222pt x 760.56245pt.


[24]
File: PDF/setsumei.pdf Graphic file (type pdf)
<use PDF/setsumei.pdf, page 1>
Package luatex.def Info: PDF/setsumei.pdf , page1 used on input line 730.
(luatex.def)             Requested size: 537.79222pt x 760.56245pt.
File: PDF/setsumei.pdf Graphic file (type pdf)
<use PDF/setsumei.pdf, page 1>
Package luatex.def Info: PDF/setsumei.pdf , page1 used on input line 730.
(luatex.def)             Requested size: 537.79222pt x 760.56245pt.


File: PDF/setsumei.pdf Graphic file (type pdf)
<use PDF/setsumei.pdf, page 1>
Package luatex.def Info: PDF/setsumei.pdf , page1 used on input line 730.
(luatex.def)             Requested size: 537.79222pt x 760.56245pt.
[25

]
File: PDF/setsumei.pdf Graphic file (type pdf)
<use PDF/setsumei.pdf, page 2>
Package luatex.def Info: PDF/setsumei.pdf , page2 used on input line 730.
(luatex.def)             Requested size: 537.79222pt x 760.56245pt.
File: PDF/setsumei.pdf Graphic file (type pdf)
<use PDF/setsumei.pdf, page 2>
Package luatex.def Info: PDF/setsumei.pdf , page2 used on input line 730.
(luatex.def)             Requested size: 537.79222pt x 760.56245pt.


File: PDF/setsumei.pdf Graphic file (type pdf)
<use PDF/setsumei.pdf, page 2>
Package luatex.def Info: PDF/setsumei.pdf , page2 used on input line 730.
(luatex.def)             Requested size: 537.79222pt x 760.56245pt.
[26

]
File: PDF/setsumei.pdf Graphic file (type pdf)
<use PDF/setsumei.pdf, page 3>
Package luatex.def Info: PDF/setsumei.pdf , page3 used on input line 730.
(luatex.def)             Requested size: 537.79222pt x 760.56245pt.
File: PDF/setsumei.pdf Graphic file (type pdf)
<use PDF/setsumei.pdf, page 3>
Package luatex.def Info: PDF/setsumei.pdf , page3 used on input line 730.
(luatex.def)             Requested size: 537.79222pt x 760.56245pt.


File: PDF/setsumei.pdf Graphic file (type pdf)
<use PDF/setsumei.pdf, page 3>
Package luatex.def Info: PDF/setsumei.pdf , page3 used on input line 730.
(luatex.def)             Requested size: 537.79222pt x 760.56245pt.
[27

]
warning  (file PDF/talk_thema_ja.pdf) (pdf inclusion): PDF inclusion: found PDF version '1.6', but at most version '1.5' allowed
<PDF/talk_thema_ja.pdf, id=292, 597.432pt x 845.0772pt>
File: PDF/talk_thema_ja.pdf Graphic file (type pdf)
<use PDF/talk_thema_ja.pdf>
Package luatex.def Info: PDF/talk_thema_ja.pdf  used on input line 733.
(luatex.def)             Requested size: 597.43054pt x 845.07513pt.

warning  (file PDF/talk_thema_ja.pdf) (pdf inclusion): PDF inclusion: found PDF version '1.6', but at most version '1.5' allowed
File: PDF/talk_thema_ja.pdf Graphic file (type pdf)
<use PDF/talk_thema_ja.pdf>
Package luatex.def Info: PDF/talk_thema_ja.pdf  used on input line 733.
(luatex.def)             Requested size: 597.43054pt x 845.07513pt.

warning  (file PDF/talk_thema_ja.pdf) (pdf inclusion): PDF inclusion: found PDF version '1.6', but at most version '1.5' allowed

warning  (file PDF/talk_thema_ja.pdf) (pdf inclusion): PDF inclusion: found PDF version '1.6', but at most version '1.5' allowed
<PDF/talk_thema_ja.pdf, id=295, page=1, 597.432pt x 845.0772pt>
File: PDF/talk_thema_ja.pdf Graphic file (type pdf)
<use PDF/talk_thema_ja.pdf, page 1>
Package luatex.def Info: PDF/talk_thema_ja.pdf , page1 used on input line 733.
(luatex.def)             Requested size: 597.43054pt x 845.07513pt.
File: PDF/talk_thema_ja.pdf Graphic file (type pdf)
<use PDF/talk_thema_ja.pdf, page 1>
Package luatex.def Info: PDF/talk_thema_ja.pdf , page1 used on input line 733.
(luatex.def)             Requested size: 537.68384pt x 760.56245pt.


[28]
File: PDF/talk_thema_ja.pdf Graphic file (type pdf)
<use PDF/talk_thema_ja.pdf, page 1>
Package luatex.def Info: PDF/talk_thema_ja.pdf , page1 used on input line 733.
(luatex.def)             Requested size: 537.68384pt x 760.56245pt.
File: PDF/talk_thema_ja.pdf Graphic file (type pdf)
<use PDF/talk_thema_ja.pdf, page 1>
Package luatex.def Info: PDF/talk_thema_ja.pdf , page1 used on input line 733.
(luatex.def)             Requested size: 537.68384pt x 760.56245pt.


File: PDF/talk_thema_ja.pdf Graphic file (type pdf)
<use PDF/talk_thema_ja.pdf, page 1>
Package luatex.def Info: PDF/talk_thema_ja.pdf , page1 used on input line 733.
(luatex.def)             Requested size: 537.68384pt x 760.56245pt.
[29

<./PDF/talk_thema_ja.pdf>]
warning  (file PDF/questionnaire_1_ja.pdf) (pdf inclusion): PDF inclusion: found PDF version '1.6', but at most version '1.5' allowed
<PDF/questionnaire_1_ja.pdf, id=318, 597.55244pt x 845.0772pt>
File: PDF/questionnaire_1_ja.pdf Graphic file (type pdf)
<use PDF/questionnaire_1_ja.pdf>
Package luatex.def Info: PDF/questionnaire_1_ja.pdf  used on input line 736.
(luatex.def)             Requested size: 597.55098pt x 845.07513pt.

warning  (file PDF/questionnaire_1_ja.pdf) (pdf inclusion): PDF inclusion: found PDF version '1.6', but at most version '1.5' allowed
File: PDF/questionnaire_1_ja.pdf Graphic file (type pdf)
<use PDF/questionnaire_1_ja.pdf>
Package luatex.def Info: PDF/questionnaire_1_ja.pdf  used on input line 736.
(luatex.def)             Requested size: 597.55098pt x 845.07513pt.

warning  (file PDF/questionnaire_1_ja.pdf) (pdf inclusion): PDF inclusion: found PDF version '1.6', but at most version '1.5' allowed

warning  (file PDF/questionnaire_1_ja.pdf) (pdf inclusion): PDF inclusion: found PDF version '1.6', but at most version '1.5' allowed
<PDF/questionnaire_1_ja.pdf, id=321, page=1, 597.55244pt x 845.0772pt>
File: PDF/questionnaire_1_ja.pdf Graphic file (type pdf)
<use PDF/questionnaire_1_ja.pdf, page 1>
Package luatex.def Info: PDF/questionnaire_1_ja.pdf , page1 used on input line 736.
(luatex.def)             Requested size: 597.55098pt x 845.07513pt.
File: PDF/questionnaire_1_ja.pdf Graphic file (type pdf)
<use PDF/questionnaire_1_ja.pdf, page 1>
Package luatex.def Info: PDF/questionnaire_1_ja.pdf , page1 used on input line 736.
(luatex.def)             Requested size: 537.79222pt x 760.56245pt.


[30]
File: PDF/questionnaire_1_ja.pdf Graphic file (type pdf)
<use PDF/questionnaire_1_ja.pdf, page 1>
Package luatex.def Info: PDF/questionnaire_1_ja.pdf , page1 used on input line 736.
(luatex.def)             Requested size: 537.79222pt x 760.56245pt.
File: PDF/questionnaire_1_ja.pdf Graphic file (type pdf)
<use PDF/questionnaire_1_ja.pdf, page 1>
Package luatex.def Info: PDF/questionnaire_1_ja.pdf , page1 used on input line 736.
(luatex.def)             Requested size: 537.79222pt x 760.56245pt.


File: PDF/questionnaire_1_ja.pdf Graphic file (type pdf)
<use PDF/questionnaire_1_ja.pdf, page 1>
Package luatex.def Info: PDF/questionnaire_1_ja.pdf , page1 used on input line 736.
(luatex.def)             Requested size: 537.79222pt x 760.56245pt.
[31

<./PDF/questionnaire_1_ja.pdf>]
warning  (file PDF/questionnaire_2_ja.pdf) (pdf inclusion): PDF inclusion: found PDF version '1.6', but at most version '1.5' allowed
<PDF/questionnaire_2_ja.pdf, id=373, 597.55244pt x 845.0772pt>
File: PDF/questionnaire_2_ja.pdf Graphic file (type pdf)
<use PDF/questionnaire_2_ja.pdf>
Package luatex.def Info: PDF/questionnaire_2_ja.pdf  used on input line 739.
(luatex.def)             Requested size: 597.55098pt x 845.07513pt.

warning  (file PDF/questionnaire_2_ja.pdf) (pdf inclusion): PDF inclusion: found PDF version '1.6', but at most version '1.5' allowed
File: PDF/questionnaire_2_ja.pdf Graphic file (type pdf)
<use PDF/questionnaire_2_ja.pdf>
Package luatex.def Info: PDF/questionnaire_2_ja.pdf  used on input line 739.
(luatex.def)             Requested size: 597.55098pt x 845.07513pt.

warning  (file PDF/questionnaire_2_ja.pdf) (pdf inclusion): PDF inclusion: found PDF version '1.6', but at most version '1.5' allowed

warning  (file PDF/questionnaire_2_ja.pdf) (pdf inclusion): PDF inclusion: found PDF version '1.6', but at most version '1.5' allowed
<PDF/questionnaire_2_ja.pdf, id=376, page=1, 597.55244pt x 845.0772pt>
File: PDF/questionnaire_2_ja.pdf Graphic file (type pdf)
<use PDF/questionnaire_2_ja.pdf, page 1>
Package luatex.def Info: PDF/questionnaire_2_ja.pdf , page1 used on input line 739.
(luatex.def)             Requested size: 597.55098pt x 845.07513pt.
File: PDF/questionnaire_2_ja.pdf Graphic file (type pdf)
<use PDF/questionnaire_2_ja.pdf, page 1>
Package luatex.def Info: PDF/questionnaire_2_ja.pdf , page1 used on input line 739.
(luatex.def)             Requested size: 537.79222pt x 760.56245pt.


[32]
File: PDF/questionnaire_2_ja.pdf Graphic file (type pdf)
<use PDF/questionnaire_2_ja.pdf, page 1>
Package luatex.def Info: PDF/questionnaire_2_ja.pdf , page1 used on input line 739.
(luatex.def)             Requested size: 537.79222pt x 760.56245pt.
File: PDF/questionnaire_2_ja.pdf Graphic file (type pdf)
<use PDF/questionnaire_2_ja.pdf, page 1>
Package luatex.def Info: PDF/questionnaire_2_ja.pdf , page1 used on input line 739.
(luatex.def)             Requested size: 537.79222pt x 760.56245pt.


File: PDF/questionnaire_2_ja.pdf Graphic file (type pdf)
<use PDF/questionnaire_2_ja.pdf, page 1>
Package luatex.def Info: PDF/questionnaire_2_ja.pdf , page1 used on input line 739.
(luatex.def)             Requested size: 537.79222pt x 760.56245pt.
[33

<./PDF/questionnaire_2_ja.pdf>]
warning  (file PDF/questionnaire_2_ja.pdf) (pdf inclusion): PDF inclusion: found PDF version '1.6', but at most version '1.5' allowed
<PDF/questionnaire_2_ja.pdf, id=427, page=2, 597.55244pt x 845.0772pt>
File: PDF/questionnaire_2_ja.pdf Graphic file (type pdf)
<use PDF/questionnaire_2_ja.pdf, page 2>
Package luatex.def Info: PDF/questionnaire_2_ja.pdf , page2 used on input line 739.
(luatex.def)             Requested size: 537.79222pt x 760.56245pt.
File: PDF/questionnaire_2_ja.pdf Graphic file (type pdf)
<use PDF/questionnaire_2_ja.pdf, page 2>
Package luatex.def Info: PDF/questionnaire_2_ja.pdf , page2 used on input line 739.
(luatex.def)             Requested size: 537.79222pt x 760.56245pt.


File: PDF/questionnaire_2_ja.pdf Graphic file (type pdf)
<use PDF/questionnaire_2_ja.pdf, page 2>
Package luatex.def Info: PDF/questionnaire_2_ja.pdf , page2 used on input line 739.
(luatex.def)             Requested size: 537.79222pt x 760.56245pt.
[34

<./PDF/questionnaire_2_ja.pdf>]
warning  (file PDF/agreement.pdf) (pdf inclusion): PDF inclusion: found PDF version '1.6', but at most version '1.5' allowed
<PDF/agreement.pdf, id=431, 597.55244pt x 845.0772pt>
File: PDF/agreement.pdf Graphic file (type pdf)
<use PDF/agreement.pdf>
Package luatex.def Info: PDF/agreement.pdf  used on input line 742.
(luatex.def)             Requested size: 597.55098pt x 845.07513pt.

warning  (file PDF/agreement.pdf) (pdf inclusion): PDF inclusion: found PDF version '1.6', but at most version '1.5' allowed
File: PDF/agreement.pdf Graphic file (type pdf)
<use PDF/agreement.pdf>
Package luatex.def Info: PDF/agreement.pdf  used on input line 742.
(luatex.def)             Requested size: 597.55098pt x 845.07513pt.

warning  (file PDF/agreement.pdf) (pdf inclusion): PDF inclusion: found PDF version '1.6', but at most version '1.5' allowed

warning  (file PDF/agreement.pdf) (pdf inclusion): PDF inclusion: found PDF version '1.6', but at most version '1.5' allowed
<PDF/agreement.pdf, id=434, page=1, 597.55244pt x 845.0772pt>
File: PDF/agreement.pdf Graphic file (type pdf)
<use PDF/agreement.pdf, page 1>
Package luatex.def Info: PDF/agreement.pdf , page1 used on input line 742.
(luatex.def)             Requested size: 597.55098pt x 845.07513pt.
File: PDF/agreement.pdf Graphic file (type pdf)
<use PDF/agreement.pdf, page 1>
Package luatex.def Info: PDF/agreement.pdf , page1 used on input line 742.
(luatex.def)             Requested size: 537.79222pt x 760.56245pt.


[35]
File: PDF/agreement.pdf Graphic file (type pdf)
<use PDF/agreement.pdf, page 1>
Package luatex.def Info: PDF/agreement.pdf , page1 used on input line 742.
(luatex.def)             Requested size: 537.79222pt x 760.56245pt.
File: PDF/agreement.pdf Graphic file (type pdf)
<use PDF/agreement.pdf, page 1>
Package luatex.def Info: PDF/agreement.pdf , page1 used on input line 742.
(luatex.def)             Requested size: 537.79222pt x 760.56245pt.


File: PDF/agreement.pdf Graphic file (type pdf)
<use PDF/agreement.pdf, page 1>
Package luatex.def Info: PDF/agreement.pdf , page1 used on input line 742.
(luatex.def)             Requested size: 537.79222pt x 760.56245pt.
[36

<./PDF/agreement.pdf>]
warning  (file PDF/withdrawal.pdf) (pdf inclusion): PDF inclusion: found PDF version '1.6', but at most version '1.5' allowed
<PDF/withdrawal.pdf, id=458, 597.55244pt x 845.19765pt>
File: PDF/withdrawal.pdf Graphic file (type pdf)
<use PDF/withdrawal.pdf>
Package luatex.def Info: PDF/withdrawal.pdf  used on input line 745.
(luatex.def)             Requested size: 597.55098pt x 845.19559pt.

warning  (file PDF/withdrawal.pdf) (pdf inclusion): PDF inclusion: found PDF version '1.6', but at most version '1.5' allowed
File: PDF/withdrawal.pdf Graphic file (type pdf)
<use PDF/withdrawal.pdf>
Package luatex.def Info: PDF/withdrawal.pdf  used on input line 745.
(luatex.def)             Requested size: 597.55098pt x 845.19559pt.

warning  (file PDF/withdrawal.pdf) (pdf inclusion): PDF inclusion: found PDF version '1.6', but at most version '1.5' allowed

warning  (file PDF/withdrawal.pdf) (pdf inclusion): PDF inclusion: found PDF version '1.6', but at most version '1.5' allowed
<PDF/withdrawal.pdf, id=461, page=1, 597.55244pt x 845.19765pt>
File: PDF/withdrawal.pdf Graphic file (type pdf)
<use PDF/withdrawal.pdf, page 1>
Package luatex.def Info: PDF/withdrawal.pdf , page1 used on input line 745.
(luatex.def)             Requested size: 597.55098pt x 845.19559pt.
File: PDF/withdrawal.pdf Graphic file (type pdf)
<use PDF/withdrawal.pdf, page 1>
Package luatex.def Info: PDF/withdrawal.pdf , page1 used on input line 745.
(luatex.def)             Requested size: 537.79222pt x 760.67087pt.


[37]
File: PDF/withdrawal.pdf Graphic file (type pdf)
<use PDF/withdrawal.pdf, page 1>
Package luatex.def Info: PDF/withdrawal.pdf , page1 used on input line 745.
(luatex.def)             Requested size: 537.79222pt x 760.67087pt.
File: PDF/withdrawal.pdf Graphic file (type pdf)
<use PDF/withdrawal.pdf, page 1>
Package luatex.def Info: PDF/withdrawal.pdf , page1 used on input line 745.
(luatex.def)             Requested size: 537.79222pt x 760.67087pt.


File: PDF/withdrawal.pdf Graphic file (type pdf)
<use PDF/withdrawal.pdf, page 1>
Package luatex.def Info: PDF/withdrawal.pdf , page1 used on input line 745.
(luatex.def)             Requested size: 537.79222pt x 760.67087pt.
[38

<./PDF/withdrawal.pdf>] (./thesis_mpd.aux)
 ***********
LaTeX2e <2024-11-01> patch level 1
L3 programming layer <2024-11-02>
 ***********


LaTeX Warning: There were undefined references.

)

Here is how much of LuaTeX's memory you used:
 19807 strings out of 475630
 244644,1144653 words of node,token memory allocated
 1229 words of node memory still in use:
   10 hlist, 2 vlist, 5 rule, 2 glue, 4 kern, 1 glyph, 190 attribute, 95 glue_spec, 28 attribute_list, 2 write, 13 user_defined nodes
   avail lists: 1:40,2:73869,3:551,4:377,5:171,6:60,7:6140,8:69,9:2990,10:43,11:164
 41895 multiletter control sequences out of 65536+600000
 62 fonts using 64495943 bytes
 125i,18n,128p,1918b,645s stack positions out of 10000i,1000n,20000p,200000b,200000s
<c:/texlive/2024/texmf-dist/fonts/opentype/public/lm/lmroman12-bold.otf><c:/texlive/2024/texmf-dist/fonts/opentype/public/lm/lmmono10-regular.otf><c:/texlive/2024/texmf-dist/fonts/opentype/public/lm/lmroman9-regular.otf><c:/texlive/2024/texmf-dist/fonts/opentype/public/lm/lmsans12-regular.otf><c:/texlive/2024/texmf-dist/fonts/opentype/public/lm/lmsans17-regular.otf><c:/texlive/2024/texmf-dist/fonts/opentype/public/lm/lmroman10-bold.otf><c:/texlive/2024/texmf-dist/fonts/opentype/public/lm/lmroman10-regular.otf><c:/texlive/2024/texmf-dist/fonts/opentype/public/haranoaji/HaranoAjiMincho-Regular.otf><c:/texlive/2024/texmf-dist/fonts/opentype/public/haranoaji/HaranoAjiGothic-Medium.otf>
Output written on thesis_mpd.pdf (43 pages, 1981190 bytes).

PDF statistics: 546 PDF objects out of 1000 (max. 8388607)
 311 compressed objects within 4 object streams
 0 named destinations out of 1000 (max. 131072)
 16 words of extra memory for PDF output out of 10000 (max. 100000000)

